mode: set
cullsnap/internal/storage/sqlite.go:17.58,19.16 2 1
cullsnap/internal/storage/sqlite.go:19.16,21.3 1 0
cullsnap/internal/storage/sqlite.go:23.2,23.34 1 1
cullsnap/internal/storage/sqlite.go:23.34,25.3 1 0
cullsnap/internal/storage/sqlite.go:27.2,28.43 2 1
cullsnap/internal/storage/sqlite.go:28.43,31.3 2 0
cullsnap/internal/storage/sqlite.go:33.2,33.19 1 1
cullsnap/internal/storage/sqlite.go:36.42,58.32 2 1
cullsnap/internal/storage/sqlite.go:58.32,59.45 1 1
cullsnap/internal/storage/sqlite.go:59.45,61.4 1 0
cullsnap/internal/storage/sqlite.go:63.2,63.12 1 1
cullsnap/internal/storage/sqlite.go:66.89,70.14 3 1
cullsnap/internal/storage/sqlite.go:70.14,73.17 3 1
cullsnap/internal/storage/sqlite.go:73.17,75.4 1 0
cullsnap/internal/storage/sqlite.go:76.8,79.17 3 1
cullsnap/internal/storage/sqlite.go:79.17,81.4 1 0
cullsnap/internal/storage/sqlite.go:83.2,83.12 1 1
cullsnap/internal/storage/sqlite.go:86.80,91.16 4 1
cullsnap/internal/storage/sqlite.go:91.16,93.3 1 0
cullsnap/internal/storage/sqlite.go:94.2,97.18 3 1
cullsnap/internal/storage/sqlite.go:97.18,99.42 2 1
cullsnap/internal/storage/sqlite.go:99.42,101.4 1 0
cullsnap/internal/storage/sqlite.go:102.3,102.26 1 1
cullsnap/internal/storage/sqlite.go:104.2,104.24 1 1
cullsnap/internal/storage/sqlite.go:107.52,114.16 5 1
cullsnap/internal/storage/sqlite.go:114.16,116.3 1 0
cullsnap/internal/storage/sqlite.go:119.2,123.12 3 1
cullsnap/internal/storage/sqlite.go:126.54,131.16 4 1
cullsnap/internal/storage/sqlite.go:131.16,133.3 1 0
cullsnap/internal/storage/sqlite.go:134.2,137.18 3 1
cullsnap/internal/storage/sqlite.go:137.18,139.39 2 1
cullsnap/internal/storage/sqlite.go:139.39,141.4 1 0
cullsnap/internal/storage/sqlite.go:142.3,142.27 1 1
cullsnap/internal/storage/sqlite.go:144.2,144.19 1 1
cullsnap/internal/storage/sqlite.go:147.55,154.2 5 1
cullsnap/internal/storage/sqlite.go:156.82,184.2 3 0
cullsnap/internal/storage/sqlite.go:186.87,194.16 5 1
cullsnap/internal/storage/sqlite.go:194.16,196.3 1 0
cullsnap/internal/storage/sqlite.go:197.2,200.18 3 1
cullsnap/internal/storage/sqlite.go:200.18,202.39 2 1
cullsnap/internal/storage/sqlite.go:202.39,204.4 1 0
cullsnap/internal/storage/sqlite.go:205.3,205.21 1 1
cullsnap/internal/storage/sqlite.go:207.2,207.22 1 1
cullsnap/internal/storage/sqlite.go:210.37,212.2 1 1
cullsnap/internal/storage/sqlite.go:215.65,219.17 3 1
cullsnap/internal/storage/sqlite.go:219.17,222.3 2 1
cullsnap/internal/storage/sqlite.go:223.2,225.12 3 1
cullsnap/internal/storage/sqlite.go:229.85,235.16 5 1
cullsnap/internal/storage/sqlite.go:235.16,237.3 1 0
cullsnap/internal/storage/sqlite.go:238.2,241.18 3 1
cullsnap/internal/storage/sqlite.go:241.18,244.43 3 1
cullsnap/internal/storage/sqlite.go:244.43,246.4 1 0
cullsnap/internal/storage/sqlite.go:247.3,247.17 1 1
cullsnap/internal/storage/sqlite.go:249.2,249.21 1 1
